C:\Users\L\PycharmProjects\20250227\mamba-minimal\.venv\Scripts\python.exe C:\Users\L\PycharmProjects\20250227\mamba-minimal\mamba_hyperparameter_tuning.py
2025-03-03 01:54:15,669 - INFO - 使用 CPU
2025-03-03 01:54:15,670 - INFO - 开始超参数优化...
2025-03-03 01:54:15,670 - INFO - 准备数据集...
2025-03-03 01:54:15,672 - INFO - 使用 CPU
2025-03-03 01:54:15,693 - INFO - 数据加载成功！
2025-03-03 01:54:15,718 - INFO - 数据准备完成。训练集: (7000, 7), 验证集: (3000, 7)
[I 2025-03-03 01:54:15,719] A new study created in memory with name: no-name-ef09b00f-1e4c-49e6-8423-d5ffb00ff644
2025-03-03 01:54:15,721 - INFO - 试验 #0 超参数: {'d_model': 88, 'n_layer': 2, 'd_state': 45, 'expand': 4, 'd_conv': 3, 'learning_rate': 1.0993127297485834e-05}
2025-03-03 01:54:15,721 - INFO - 使用 CPU
2025-03-03 01:54:22,061 - INFO - Epoch 1/50 | Train Loss: 1.4905 | Val Loss: 1.4098 | Accuracy: 0.2817 | F1 (weighted): 0.4218
2025-03-03 01:54:41,779 - INFO - Epoch 5/50 | Train Loss: 0.4049 | Val Loss: 0.3109 | Accuracy: 0.9713 | F1 (weighted): 0.9572
2025-03-03 01:55:06,414 - INFO - Epoch 10/50 | Train Loss: 0.1266 | Val Loss: 0.1249 | Accuracy: 0.9713 | F1 (weighted): 0.9572
2025-03-03 01:55:30,860 - INFO - Epoch 15/50 | Train Loss: 0.1002 | Val Loss: 0.1000 | Accuracy: 0.9713 | F1 (weighted): 0.9572
2025-03-03 01:55:55,297 - INFO - Epoch 20/50 | Train Loss: 0.0842 | Val Loss: 0.0857 | Accuracy: 0.9720 | F1 (weighted): 0.9588
2025-03-03 01:56:19,786 - INFO - Epoch 25/50 | Train Loss: 0.0719 | Val Loss: 0.0750 | Accuracy: 0.9737 | F1 (weighted): 0.9644
2025-03-03 01:56:44,126 - INFO - Epoch 30/50 | Train Loss: 0.0623 | Val Loss: 0.0663 | Accuracy: 0.9750 | F1 (weighted): 0.9696
2025-03-03 01:57:08,638 - INFO - Epoch 35/50 | Train Loss: 0.0545 | Val Loss: 0.0591 | Accuracy: 0.9780 | F1 (weighted): 0.9737
2025-03-03 01:57:33,107 - INFO - Epoch 40/50 | Train Loss: 0.0479 | Val Loss: 0.0526 | Accuracy: 0.9797 | F1 (weighted): 0.9759
2025-03-03 01:57:57,566 - INFO - Epoch 45/50 | Train Loss: 0.0424 | Val Loss: 0.0473 | Accuracy: 0.9820 | F1 (weighted): 0.9789
2025-03-03 01:58:22,244 - INFO - Epoch 50/50 | Train Loss: 0.0380 | Val Loss: 0.0430 | Accuracy: 0.9843 | F1 (weighted): 0.9818
[I 2025-03-03 01:58:22,246] Trial 0 finished with value: 0.9817671684585594 and parameters: {'d_model': 88, 'n_layer': 2, 'd_state': 45, 'expand': 4, 'd_conv': 3, 'learning_rate': 1.0993127297485834e-05}. Best is trial 0 with value: 0.9817671684585594.
2025-03-03 01:58:22,247 - INFO - 试验 #1 超参数: {'d_model': 79, 'n_layer': 1, 'd_state': 31, 'expand': 3, 'd_conv': 4, 'learning_rate': 7.51427921469496e-05}
2025-03-03 01:58:22,248 - INFO - 使用 CPU
2025-03-03 01:58:23,758 - INFO - Epoch 1/50 | Train Loss: 1.3670 | Val Loss: 1.0805 | Accuracy: 0.6517 | F1 (weighted): 0.7672
2025-03-03 01:58:29,619 - INFO - Epoch 5/50 | Train Loss: 0.1078 | Val Loss: 0.1019 | Accuracy: 0.9713 | F1 (weighted): 0.9572
2025-03-03 01:58:36,946 - INFO - Epoch 10/50 | Train Loss: 0.0712 | Val Loss: 0.0722 | Accuracy: 0.9737 | F1 (weighted): 0.9640
2025-03-03 01:58:44,222 - INFO - Epoch 15/50 | Train Loss: 0.0520 | Val Loss: 0.0573 | Accuracy: 0.9767 | F1 (weighted): 0.9692
2025-03-03 01:58:51,658 - INFO - Epoch 20/50 | Train Loss: 0.0395 | Val Loss: 0.0436 | Accuracy: 0.9840 | F1 (weighted): 0.9815
2025-03-03 01:58:59,144 - INFO - Epoch 25/50 | Train Loss: 0.0326 | Val Loss: 0.0375 | Accuracy: 0.9843 | F1 (weighted): 0.9825
2025-03-03 01:59:06,663 - INFO - Epoch 30/50 | Train Loss: 0.0281 | Val Loss: 0.0403 | Accuracy: 0.9840 | F1 (weighted): 0.9807
2025-03-03 01:59:13,900 - INFO - Epoch 35/50 | Train Loss: 0.0267 | Val Loss: 0.0339 | Accuracy: 0.9863 | F1 (weighted): 0.9846
2025-03-03 01:59:21,199 - INFO - Epoch 40/50 | Train Loss: 0.0230 | Val Loss: 0.0328 | Accuracy: 0.9870 | F1 (weighted): 0.9863
2025-03-03 01:59:28,421 - INFO - Epoch 45/50 | Train Loss: 0.0214 | Val Loss: 0.0286 | Accuracy: 0.9887 | F1 (weighted): 0.9885
2025-03-03 01:59:35,647 - INFO - Epoch 50/50 | Train Loss: 0.0195 | Val Loss: 0.0306 | Accuracy: 0.9863 | F1 (weighted): 0.9846
[I 2025-03-03 01:59:35,648] Trial 1 finished with value: 0.9887291563524612 and parameters: {'d_model': 79, 'n_layer': 1, 'd_state': 31, 'expand': 3, 'd_conv': 4, 'learning_rate': 7.51427921469496e-05}. Best is trial 1 with value: 0.9887291563524612.
2025-03-03 01:59:35,649 - INFO - 试验 #2 超参数: {'d_model': 182, 'n_layer': 3, 'd_state': 30, 'expand': 4, 'd_conv': 3, 'learning_rate': 1.9787013688596005e-05}
2025-03-03 01:59:35,649 - INFO - 使用 CPU
2025-03-03 01:59:47,578 - INFO - Epoch 1/50 | Train Loss: 1.3479 | Val Loss: 0.7334 | Accuracy: 0.8877 | F1 (weighted): 0.9163
2025-03-03 02:00:35,115 - INFO - Epoch 5/50 | Train Loss: 0.0836 | Val Loss: 0.0806 | Accuracy: 0.9717 | F1 (weighted): 0.9582
2025-03-03 02:01:34,376 - INFO - Epoch 10/50 | Train Loss: 0.0486 | Val Loss: 0.0519 | Accuracy: 0.9790 | F1 (weighted): 0.9723
2025-03-03 02:02:34,071 - INFO - Epoch 15/50 | Train Loss: 0.0320 | Val Loss: 0.0358 | Accuracy: 0.9850 | F1 (weighted): 0.9844
2025-03-03 02:03:33,400 - INFO - Epoch 20/50 | Train Loss: 0.0226 | Val Loss: 0.0303 | Accuracy: 0.9860 | F1 (weighted): 0.9860
2025-03-03 02:04:32,924 - INFO - Epoch 25/50 | Train Loss: 0.0181 | Val Loss: 0.0272 | Accuracy: 0.9897 | F1 (weighted): 0.9898
2025-03-03 02:05:32,485 - INFO - Epoch 30/50 | Train Loss: 0.0150 | Val Loss: 0.0238 | Accuracy: 0.9890 | F1 (weighted): 0.9893
2025-03-03 02:06:32,000 - INFO - Epoch 35/50 | Train Loss: 0.0104 | Val Loss: 0.0239 | Accuracy: 0.9917 | F1 (weighted): 0.9912
2025-03-03 02:07:31,312 - INFO - Epoch 40/50 | Train Loss: 0.0116 | Val Loss: 0.0241 | Accuracy: 0.9907 | F1 (weighted): 0.9904
2025-03-03 02:08:30,619 - INFO - Epoch 45/50 | Train Loss: 0.0084 | Val Loss: 0.0221 | Accuracy: 0.9917 | F1 (weighted): 0.9915
2025-03-03 02:09:29,853 - INFO - Epoch 50/50 | Train Loss: 0.0075 | Val Loss: 0.0227 | Accuracy: 0.9923 | F1 (weighted): 0.9922
[I 2025-03-03 02:09:29,855] Trial 2 finished with value: 0.9911242031503497 and parameters: {'d_model': 182, 'n_layer': 3, 'd_state': 30, 'expand': 4, 'd_conv': 3, 'learning_rate': 1.9787013688596005e-05}. Best is trial 2 with value: 0.9911242031503497.
2025-03-03 02:09:29,856 - INFO - 试验 #3 超参数: {'d_model': 161, 'n_layer': 4, 'd_state': 24, 'expand': 2, 'd_conv': 2, 'learning_rate': 2.615938472131361e-05}
2025-03-03 02:09:29,857 - INFO - 使用 CPU
2025-03-03 02:09:33,947 - INFO - Epoch 1/50 | Train Loss: 0.9886 | Val Loss: 0.5097 | Accuracy: 0.9557 | F1 (weighted): 0.9511
2025-03-03 02:09:49,939 - INFO - Epoch 5/50 | Train Loss: 0.0849 | Val Loss: 0.0808 | Accuracy: 0.9720 | F1 (weighted): 0.9590
2025-03-03 02:10:10,015 - INFO - Epoch 10/50 | Train Loss: 0.0507 | Val Loss: 0.0543 | Accuracy: 0.9773 | F1 (weighted): 0.9714
2025-03-03 02:10:30,070 - INFO - Epoch 15/50 | Train Loss: 0.0311 | Val Loss: 0.0348 | Accuracy: 0.9867 | F1 (weighted): 0.9851
2025-03-03 02:10:50,123 - INFO - Epoch 20/50 | Train Loss: 0.0218 | Val Loss: 0.0294 | Accuracy: 0.9873 | F1 (weighted): 0.9853
2025-03-03 02:11:10,225 - INFO - Epoch 25/50 | Train Loss: 0.0172 | Val Loss: 0.0256 | Accuracy: 0.9903 | F1 (weighted): 0.9902
2025-03-03 02:11:30,302 - INFO - Epoch 30/50 | Train Loss: 0.0150 | Val Loss: 0.0267 | Accuracy: 0.9900 | F1 (weighted): 0.9899
2025-03-03 02:11:50,288 - INFO - Epoch 35/50 | Train Loss: 0.0105 | Val Loss: 0.0250 | Accuracy: 0.9890 | F1 (weighted): 0.9892
2025-03-03 02:12:10,395 - INFO - Epoch 40/50 | Train Loss: 0.0101 | Val Loss: 0.0277 | Accuracy: 0.9903 | F1 (weighted): 0.9901
2025-03-03 02:12:14,348 - INFO - 早停触发，在第 41 轮停止训练
[I 2025-03-03 02:12:14,350] Trial 3 finished with value: 0.9923192373140812 and parameters: {'d_model': 161, 'n_layer': 4, 'd_state': 24, 'expand': 2, 'd_conv': 2, 'learning_rate': 2.615938472131361e-05}. Best is trial 3 with value: 0.9923192373140812.
2025-03-03 02:12:14,350 - INFO - 试验 #4 超参数: {'d_model': 215, 'n_layer': 2, 'd_state': 23, 'expand': 2, 'd_conv': 3, 'learning_rate': 0.0001523986369791116}
2025-03-03 02:12:14,351 - INFO - 使用 CPU
2025-03-03 02:12:18,629 - INFO - Epoch 1/50 | Train Loss: 0.3971 | Val Loss: 0.0929 | Accuracy: 0.9713 | F1 (weighted): 0.9572
2025-03-03 02:12:35,649 - INFO - Epoch 5/50 | Train Loss: 0.0420 | Val Loss: 0.0425 | Accuracy: 0.9810 | F1 (weighted): 0.9801
2025-03-03 02:12:56,932 - INFO - Epoch 10/50 | Train Loss: 0.0223 | Val Loss: 0.0358 | Accuracy: 0.9850 | F1 (weighted): 0.9833
2025-03-03 02:13:18,210 - INFO - Epoch 15/50 | Train Loss: 0.0233 | Val Loss: 0.0396 | Accuracy: 0.9813 | F1 (weighted): 0.9830
2025-03-03 02:13:39,490 - INFO - Epoch 20/50 | Train Loss: 0.0153 | Val Loss: 0.0332 | Accuracy: 0.9870 | F1 (weighted): 0.9880
2025-03-03 02:14:00,865 - INFO - Epoch 25/50 | Train Loss: 0.0165 | Val Loss: 0.0284 | Accuracy: 0.9883 | F1 (weighted): 0.9884
2025-03-03 02:14:22,334 - INFO - Epoch 30/50 | Train Loss: 0.0133 | Val Loss: 0.0221 | Accuracy: 0.9897 | F1 (weighted): 0.9897
2025-03-03 02:14:30,797 - INFO - 早停触发，在第 32 轮停止训练
[I 2025-03-03 02:14:30,798] Trial 4 finished with value: 0.99111801645139 and parameters: {'d_model': 215, 'n_layer': 2, 'd_state': 23, 'expand': 2, 'd_conv': 3, 'learning_rate': 0.0001523986369791116}. Best is trial 3 with value: 0.9923192373140812.
2025-03-03 02:14:30,799 - INFO - 试验 #5 超参数: {'d_model': 150, 'n_layer': 2, 'd_state': 28, 'expand': 4, 'd_conv': 3, 'learning_rate': 4.984053363387716e-05}
2025-03-03 02:14:30,799 - INFO - 使用 CPU
2025-03-03 02:14:37,087 - INFO - Epoch 1/50 | Train Loss: 0.7849 | Val Loss: 0.1581 | Accuracy: 0.9713 | F1 (weighted): 0.9572
2025-03-03 02:15:02,367 - INFO - Epoch 5/50 | Train Loss: 0.0604 | Val Loss: 0.0621 | Accuracy: 0.9750 | F1 (weighted): 0.9711
2025-03-03 02:15:33,761 - INFO - Epoch 10/50 | Train Loss: 0.0325 | Val Loss: 0.0370 | Accuracy: 0.9837 | F1 (weighted): 0.9821
2025-03-03 02:16:05,259 - INFO - Epoch 15/50 | Train Loss: 0.0238 | Val Loss: 0.0290 | Accuracy: 0.9883 | F1 (weighted): 0.9878
2025-03-03 02:16:36,681 - INFO - Epoch 20/50 | Train Loss: 0.0159 | Val Loss: 0.0228 | Accuracy: 0.9907 | F1 (weighted): 0.9904
2025-03-03 02:17:08,163 - INFO - Epoch 25/50 | Train Loss: 0.0172 | Val Loss: 0.0263 | Accuracy: 0.9880 | F1 (weighted): 0.9878
2025-03-03 02:17:39,564 - INFO - Epoch 30/50 | Train Loss: 0.0104 | Val Loss: 0.0226 | Accuracy: 0.9920 | F1 (weighted): 0.9919
2025-03-03 02:18:11,134 - INFO - Epoch 35/50 | Train Loss: 0.0100 | Val Loss: 0.0251 | Accuracy: 0.9907 | F1 (weighted): 0.9905
2025-03-03 02:18:36,548 - INFO - 早停触发，在第 39 轮停止训练
[I 2025-03-03 02:18:36,548] Trial 5 finished with value: 0.9910774576100857 and parameters: {'d_model': 150, 'n_layer': 2, 'd_state': 28, 'expand': 4, 'd_conv': 3, 'learning_rate': 4.984053363387716e-05}. Best is trial 3 with value: 0.9923192373140812.
2025-03-03 02:18:36,549 - INFO - 试验 #6 超参数: {'d_model': 120, 'n_layer': 3, 'd_state': 18, 'expand': 2, 'd_conv': 4, 'learning_rate': 6.232898939171742e-05}
2025-03-03 02:18:36,550 - INFO - 使用 CPU
2025-03-03 02:18:39,908 - INFO - Epoch 1/50 | Train Loss: 0.9414 | Val Loss: 0.5160 | Accuracy: 0.9530 | F1 (weighted): 0.9483
2025-03-03 02:18:53,182 - INFO - Epoch 5/50 | Train Loss: 0.0843 | Val Loss: 0.0821 | Accuracy: 0.9720 | F1 (weighted): 0.9589
2025-03-03 02:19:09,909 - INFO - Epoch 10/50 | Train Loss: 0.0470 | Val Loss: 0.0500 | Accuracy: 0.9800 | F1 (weighted): 0.9765
2025-03-03 02:19:26,461 - INFO - Epoch 15/50 | Train Loss: 0.0312 | Val Loss: 0.0328 | Accuracy: 0.9867 | F1 (weighted): 0.9858
2025-03-03 02:19:43,138 - INFO - Epoch 20/50 | Train Loss: 0.0231 | Val Loss: 0.0292 | Accuracy: 0.9870 | F1 (weighted): 0.9872
2025-03-03 02:19:59,715 - INFO - Epoch 25/50 | Train Loss: 0.0173 | Val Loss: 0.0314 | Accuracy: 0.9860 | F1 (weighted): 0.9867
2025-03-03 02:20:16,609 - INFO - Epoch 30/50 | Train Loss: 0.0153 | Val Loss: 0.0289 | Accuracy: 0.9897 | F1 (weighted): 0.9892
2025-03-03 02:20:33,216 - INFO - Epoch 35/50 | Train Loss: 0.0122 | Val Loss: 0.0227 | Accuracy: 0.9903 | F1 (weighted): 0.9902
2025-03-03 02:20:49,784 - INFO - Epoch 40/50 | Train Loss: 0.0122 | Val Loss: 0.0294 | Accuracy: 0.9900 | F1 (weighted): 0.9894
2025-03-03 02:21:06,459 - INFO - 早停触发，在第 45 轮停止训练
[I 2025-03-03 02:21:06,460] Trial 6 finished with value: 0.9902282454698111 and parameters: {'d_model': 120, 'n_layer': 3, 'd_state': 18, 'expand': 2, 'd_conv': 4, 'learning_rate': 6.232898939171742e-05}. Best is trial 3 with value: 0.9923192373140812.
2025-03-03 02:21:06,460 - INFO - 试验 #7 超参数: {'d_model': 188, 'n_layer': 2, 'd_state': 35, 'expand': 4, 'd_conv': 2, 'learning_rate': 0.0002159059716967624}
2025-03-03 02:21:06,461 - INFO - 使用 CPU
2025-03-03 02:21:12,663 - INFO - Epoch 1/50 | Train Loss: 0.2241 | Val Loss: 0.0706 | Accuracy: 0.9737 | F1 (weighted): 0.9631
2025-03-03 02:21:37,304 - INFO - Epoch 5/50 | Train Loss: 0.0438 | Val Loss: 0.0396 | Accuracy: 0.9817 | F1 (weighted): 0.9779
2025-03-03 02:22:08,190 - INFO - Epoch 10/50 | Train Loss: 0.0222 | Val Loss: 0.0307 | Accuracy: 0.9867 | F1 (weighted): 0.9860
2025-03-03 02:22:39,105 - INFO - Epoch 15/50 | Train Loss: 0.0216 | Val Loss: 0.0247 | Accuracy: 0.9887 | F1 (weighted): 0.9887
2025-03-03 02:23:10,135 - INFO - Epoch 20/50 | Train Loss: 0.0156 | Val Loss: 0.0267 | Accuracy: 0.9887 | F1 (weighted): 0.9886
2025-03-03 02:23:40,947 - INFO - Epoch 25/50 | Train Loss: 0.0157 | Val Loss: 0.0276 | Accuracy: 0.9890 | F1 (weighted): 0.9884
2025-03-03 02:24:12,137 - INFO - Epoch 30/50 | Train Loss: 0.0166 | Val Loss: 0.0269 | Accuracy: 0.9890 | F1 (weighted): 0.9888
2025-03-03 02:24:42,998 - INFO - Epoch 35/50 | Train Loss: 0.0128 | Val Loss: 0.0296 | Accuracy: 0.9900 | F1 (weighted): 0.9897
2025-03-03 02:24:55,369 - INFO - 早停触发，在第 37 轮停止训练
[I 2025-03-03 02:24:55,369] Trial 7 finished with value: 0.9932476302761093 and parameters: {'d_model': 188, 'n_layer': 2, 'd_state': 35, 'expand': 4, 'd_conv': 2, 'learning_rate': 0.0002159059716967624}. Best is trial 7 with value: 0.9932476302761093.
2025-03-03 02:24:55,370 - INFO - 试验 #8 超参数: {'d_model': 210, 'n_layer': 2, 'd_state': 22, 'expand': 4, 'd_conv': 5, 'learning_rate': 1.0019925591432721e-05}
2025-03-03 02:24:55,371 - INFO - 使用 CPU
2025-03-03 02:25:03,483 - INFO - Epoch 1/50 | Train Loss: 1.3594 | Val Loss: 1.1867 | Accuracy: 0.4827 | F1 (weighted): 0.6324
2025-03-03 02:25:35,210 - INFO - Epoch 5/50 | Train Loss: 0.1367 | Val Loss: 0.1231 | Accuracy: 0.9713 | F1 (weighted): 0.9572
2025-03-03 02:26:14,944 - INFO - Epoch 10/50 | Train Loss: 0.0847 | Val Loss: 0.0837 | Accuracy: 0.9717 | F1 (weighted): 0.9580
2025-03-03 02:26:54,576 - INFO - Epoch 15/50 | Train Loss: 0.0680 | Val Loss: 0.0687 | Accuracy: 0.9733 | F1 (weighted): 0.9629
2025-03-03 02:27:34,371 - INFO - Epoch 20/50 | Train Loss: 0.0538 | Val Loss: 0.0570 | Accuracy: 0.9767 | F1 (weighted): 0.9690
2025-03-03 02:28:14,086 - INFO - Epoch 25/50 | Train Loss: 0.0421 | Val Loss: 0.0464 | Accuracy: 0.9827 | F1 (weighted): 0.9788
2025-03-03 02:28:53,702 - INFO - Epoch 30/50 | Train Loss: 0.0339 | Val Loss: 0.0399 | Accuracy: 0.9843 | F1 (weighted): 0.9818
2025-03-03 02:29:33,687 - INFO - Epoch 35/50 | Train Loss: 0.0293 | Val Loss: 0.0345 | Accuracy: 0.9847 | F1 (weighted): 0.9828
2025-03-03 02:30:13,435 - INFO - Epoch 40/50 | Train Loss: 0.0251 | Val Loss: 0.0321 | Accuracy: 0.9863 | F1 (weighted): 0.9849
2025-03-03 02:30:53,160 - INFO - Epoch 45/50 | Train Loss: 0.0225 | Val Loss: 0.0298 | Accuracy: 0.9873 | F1 (weighted): 0.9862
2025-03-03 02:31:32,981 - INFO - Epoch 50/50 | Train Loss: 0.0197 | Val Loss: 0.0282 | Accuracy: 0.9863 | F1 (weighted): 0.9851
[I 2025-03-03 02:31:32,982] Trial 8 finished with value: 0.9850818066823915 and parameters: {'d_model': 210, 'n_layer': 2, 'd_state': 22, 'expand': 4, 'd_conv': 5, 'learning_rate': 1.0019925591432721e-05}. Best is trial 7 with value: 0.9932476302761093.
2025-03-03 02:31:32,984 - INFO - 试验 #9 超参数: {'d_model': 250, 'n_layer': 1, 'd_state': 35, 'expand': 4, 'd_conv': 3, 'learning_rate': 1.1963146888110933e-05}
2025-03-03 02:31:32,985 - INFO - 使用 CPU
2025-03-03 02:31:38,891 - INFO - Epoch 1/50 | Train Loss: 1.1362 | Val Loss: 0.8907 | Accuracy: 0.7730 | F1 (weighted): 0.8549
2025-03-03 02:32:02,847 - INFO - Epoch 5/50 | Train Loss: 0.0978 | Val Loss: 0.0927 | Accuracy: 0.9713 | F1 (weighted): 0.9572
2025-03-03 02:32:32,678 - INFO - Epoch 10/50 | Train Loss: 0.0653 | Val Loss: 0.0666 | Accuracy: 0.9747 | F1 (weighted): 0.9655
2025-03-03 02:33:02,581 - INFO - Epoch 15/50 | Train Loss: 0.0492 | Val Loss: 0.0522 | Accuracy: 0.9793 | F1 (weighted): 0.9748
2025-03-03 02:33:32,311 - INFO - Epoch 20/50 | Train Loss: 0.0393 | Val Loss: 0.0432 | Accuracy: 0.9810 | F1 (weighted): 0.9783
2025-03-03 02:34:02,097 - INFO - Epoch 25/50 | Train Loss: 0.0341 | Val Loss: 0.0381 | Accuracy: 0.9827 | F1 (weighted): 0.9793
2025-03-03 02:34:31,808 - INFO - Epoch 30/50 | Train Loss: 0.0294 | Val Loss: 0.0344 | Accuracy: 0.9863 | F1 (weighted): 0.9846
2025-03-03 02:35:01,724 - INFO - Epoch 35/50 | Train Loss: 0.0270 | Val Loss: 0.0325 | Accuracy: 0.9853 | F1 (weighted): 0.9847
2025-03-03 02:35:31,659 - INFO - Epoch 40/50 | Train Loss: 0.0241 | Val Loss: 0.0319 | Accuracy: 0.9860 | F1 (weighted): 0.9858
2025-03-03 02:36:01,545 - INFO - Epoch 45/50 | Train Loss: 0.0230 | Val Loss: 0.0299 | Accuracy: 0.9890 | F1 (weighted): 0.9891
2025-03-03 02:36:31,395 - INFO - Epoch 50/50 | Train Loss: 0.0213 | Val Loss: 0.0290 | Accuracy: 0.9883 | F1 (weighted): 0.9879
[I 2025-03-03 02:36:31,396] Trial 9 finished with value: 0.9896633491096237 and parameters: {'d_model': 250, 'n_layer': 1, 'd_state': 35, 'expand': 4, 'd_conv': 3, 'learning_rate': 1.1963146888110933e-05}. Best is trial 7 with value: 0.9932476302761093.
2025-03-03 02:36:31,423 - INFO - 试验 #10 超参数: {'d_model': 44, 'n_layer': 4, 'd_state': 56, 'expand': 1, 'd_conv': 8, 'learning_rate': 0.00045230036790196306}
2025-03-03 02:36:31,423 - INFO - 使用 CPU
2025-03-03 02:36:33,796 - INFO - Epoch 1/50 | Train Loss: 0.7114 | Val Loss: 0.1727 | Accuracy: 0.9713 | F1 (weighted): 0.9572
2025-03-03 02:36:42,749 - INFO - Epoch 5/50 | Train Loss: 0.0647 | Val Loss: 0.0588 | Accuracy: 0.9773 | F1 (weighted): 0.9697
2025-03-03 02:36:54,044 - INFO - Epoch 10/50 | Train Loss: 0.0305 | Val Loss: 0.0318 | Accuracy: 0.9863 | F1 (weighted): 0.9851
2025-03-03 02:37:05,408 - INFO - Epoch 15/50 | Train Loss: 0.0227 | Val Loss: 0.0284 | Accuracy: 0.9873 | F1 (weighted): 0.9878
2025-03-03 02:37:16,623 - INFO - Epoch 20/50 | Train Loss: 0.0171 | Val Loss: 0.0339 | Accuracy: 0.9880 | F1 (weighted): 0.9871
2025-03-03 02:37:27,756 - INFO - Epoch 25/50 | Train Loss: 0.0128 | Val Loss: 0.0298 | Accuracy: 0.9893 | F1 (weighted): 0.9886
2025-03-03 02:37:38,953 - INFO - Epoch 30/50 | Train Loss: 0.0147 | Val Loss: 0.0294 | Accuracy: 0.9883 | F1 (weighted): 0.9876
2025-03-03 02:37:47,902 - INFO - 早停触发，在第 34 轮停止训练
[I 2025-03-03 02:37:47,903] Trial 10 finished with value: 0.9915395259262785 and parameters: {'d_model': 44, 'n_layer': 4, 'd_state': 56, 'expand': 1, 'd_conv': 8, 'learning_rate': 0.00045230036790196306}. Best is trial 7 with value: 0.9932476302761093.
2025-03-03 02:37:47,931 - INFO - 试验 #11 超参数: {'d_model': 163, 'n_layer': 4, 'd_state': 8, 'expand': 3, 'd_conv': 2, 'learning_rate': 0.000271543861027849}
2025-03-03 02:37:47,932 - INFO - 使用 CPU
2025-03-03 02:37:51,407 - INFO - Epoch 1/50 | Train Loss: 0.1980 | Val Loss: 0.0794 | Accuracy: 0.9720 | F1 (weighted): 0.9588
2025-03-03 02:38:05,309 - INFO - Epoch 5/50 | Train Loss: 0.0350 | Val Loss: 0.0439 | Accuracy: 0.9817 | F1 (weighted): 0.9799
2025-03-03 02:38:22,365 - INFO - Epoch 10/50 | Train Loss: 0.0372 | Val Loss: 0.0349 | Accuracy: 0.9877 | F1 (weighted): 0.9875
2025-03-03 02:38:39,491 - INFO - Epoch 15/50 | Train Loss: 0.0291 | Val Loss: 0.0327 | Accuracy: 0.9860 | F1 (weighted): 0.9845
2025-03-03 02:38:56,684 - INFO - Epoch 20/50 | Train Loss: 0.0171 | Val Loss: 0.0301 | Accuracy: 0.9883 | F1 (weighted): 0.9885
2025-03-03 02:39:13,997 - INFO - Epoch 25/50 | Train Loss: 0.0143 | Val Loss: 0.0292 | Accuracy: 0.9890 | F1 (weighted): 0.9882
2025-03-03 02:39:28,181 - INFO - 早停触发，在第 29 轮停止训练
[I 2025-03-03 02:39:28,182] Trial 11 finished with value: 0.989094637460818 and parameters: {'d_model': 163, 'n_layer': 4, 'd_state': 8, 'expand': 3, 'd_conv': 2, 'learning_rate': 0.000271543861027849}. Best is trial 7 with value: 0.9932476302761093.
2025-03-03 02:39:28,212 - INFO - 试验 #12 超参数: {'d_model': 192, 'n_layer': 3, 'd_state': 46, 'expand': 1, 'd_conv': 7, 'learning_rate': 0.0008425491067366954}
2025-03-03 02:39:28,213 - INFO - 使用 CPU
2025-03-03 02:39:33,986 - INFO - Epoch 1/50 | Train Loss: 0.1941 | Val Loss: 0.0704 | Accuracy: 0.9730 | F1 (weighted): 0.9667
2025-03-03 02:39:57,057 - INFO - Epoch 5/50 | Train Loss: 0.0363 | Val Loss: 0.0374 | Accuracy: 0.9853 | F1 (weighted): 0.9831
2025-03-03 02:40:25,989 - INFO - Epoch 10/50 | Train Loss: 0.0267 | Val Loss: 0.0327 | Accuracy: 0.9887 | F1 (weighted): 0.9875
2025-03-03 02:40:54,806 - INFO - Epoch 15/50 | Train Loss: 0.0219 | Val Loss: 0.0272 | Accuracy: 0.9890 | F1 (weighted): 0.9894
2025-03-03 02:41:23,763 - INFO - Epoch 20/50 | Train Loss: 0.0217 | Val Loss: 0.0257 | Accuracy: 0.9903 | F1 (weighted): 0.9902
2025-03-03 02:41:52,571 - INFO - Epoch 25/50 | Train Loss: 0.0241 | Val Loss: 0.0321 | Accuracy: 0.9897 | F1 (weighted): 0.9890
2025-03-03 02:42:21,432 - INFO - Epoch 30/50 | Train Loss: 0.0107 | Val Loss: 0.0290 | Accuracy: 0.9903 | F1 (weighted): 0.9899
2025-03-03 02:42:50,409 - INFO - Epoch 35/50 | Train Loss: 0.0102 | Val Loss: 0.0278 | Accuracy: 0.9907 | F1 (weighted): 0.9905
2025-03-03 02:43:02,193 - INFO - 早停触发，在第 37 轮停止训练
