[I 2025-03-03 02:43:02,194] Trial 12 finished with value: 0.9897383127474155 and parameters: {'d_model': 192, 'n_layer': 3, 'd_state': 46, 'expand': 1, 'd_conv': 7, 'learning_rate': 0.0008425491067366954}. Best is trial 7 with value: 0.9932476302761093.
2025-03-03 02:43:02,222 - INFO - 试验 #13 超参数: {'d_model': 125, 'n_layer': 4, 'd_state': 43, 'expand': 2, 'd_conv': 2, 'learning_rate': 2.992757785257461e-05}
2025-03-03 02:43:02,223 - INFO - 使用 CPU
2025-03-03 02:43:07,278 - INFO - Epoch 1/50 | Train Loss: 1.0606 | Val Loss: 0.6226 | Accuracy: 0.9057 | F1 (weighted): 0.9245
2025-03-03 02:43:27,463 - INFO - Epoch 5/50 | Train Loss: 0.0907 | Val Loss: 0.0858 | Accuracy: 0.9713 | F1 (weighted): 0.9572
2025-03-03 02:43:53,053 - INFO - Epoch 10/50 | Train Loss: 0.0474 | Val Loss: 0.0524 | Accuracy: 0.9810 | F1 (weighted): 0.9780
2025-03-03 02:44:19,150 - INFO - Epoch 15/50 | Train Loss: 0.0310 | Val Loss: 0.0363 | Accuracy: 0.9860 | F1 (weighted): 0.9846
2025-03-03 02:44:45,035 - INFO - Epoch 20/50 | Train Loss: 0.0226 | Val Loss: 0.0288 | Accuracy: 0.9877 | F1 (weighted): 0.9873
2025-03-03 02:45:10,834 - INFO - Epoch 25/50 | Train Loss: 0.0165 | Val Loss: 0.0238 | Accuracy: 0.9907 | F1 (weighted): 0.9901
2025-03-03 02:45:36,567 - INFO - Epoch 30/50 | Train Loss: 0.0137 | Val Loss: 0.0243 | Accuracy: 0.9913 | F1 (weighted): 0.9908
2025-03-03 02:46:02,460 - INFO - Epoch 35/50 | Train Loss: 0.0103 | Val Loss: 0.0228 | Accuracy: 0.9910 | F1 (weighted): 0.9907
2025-03-03 02:46:28,151 - INFO - Epoch 40/50 | Train Loss: 0.0084 | Val Loss: 0.0226 | Accuracy: 0.9910 | F1 (weighted): 0.9912
2025-03-03 02:46:54,019 - INFO - Epoch 45/50 | Train Loss: 0.0096 | Val Loss: 0.0285 | Accuracy: 0.9907 | F1 (weighted): 0.9907
2025-03-03 02:47:19,826 - INFO - 早停触发，在第 50 轮停止训练
[I 2025-03-03 02:47:19,827] Trial 13 finished with value: 0.9911835613714366 and parameters: {'d_model': 125, 'n_layer': 4, 'd_state': 43, 'expand': 2, 'd_conv': 2, 'learning_rate': 2.992757785257461e-05}. Best is trial 7 with value: 0.9932476302761093.
2025-03-03 02:47:19,853 - INFO - 试验 #14 超参数: {'d_model': 248, 'n_layer': 3, 'd_state': 10, 'expand': 3, 'd_conv': 6, 'learning_rate': 0.0001779302335960174}
2025-03-03 02:47:19,854 - INFO - 使用 CPU
2025-03-03 02:47:34,339 - INFO - Epoch 1/50 | Train Loss: 0.2548 | Val Loss: 0.0806 | Accuracy: 0.9720 | F1 (weighted): 0.9591
2025-03-03 02:48:32,405 - INFO - Epoch 5/50 | Train Loss: 0.0374 | Val Loss: 0.0417 | Accuracy: 0.9813 | F1 (weighted): 0.9785
2025-03-03 02:49:44,868 - INFO - Epoch 10/50 | Train Loss: 0.0266 | Val Loss: 0.0276 | Accuracy: 0.9883 | F1 (weighted): 0.9886
2025-03-03 02:50:57,512 - INFO - Epoch 15/50 | Train Loss: 0.0198 | Val Loss: 0.0302 | Accuracy: 0.9877 | F1 (weighted): 0.9877
2025-03-03 02:52:10,169 - INFO - Epoch 20/50 | Train Loss: 0.0192 | Val Loss: 0.0401 | Accuracy: 0.9850 | F1 (weighted): 0.9847
2025-03-03 02:53:22,585 - INFO - Epoch 25/50 | Train Loss: 0.0163 | Val Loss: 0.0311 | Accuracy: 0.9893 | F1 (weighted): 0.9889
2025-03-03 02:54:35,088 - INFO - Epoch 30/50 | Train Loss: 0.0142 | Val Loss: 0.0341 | Accuracy: 0.9873 | F1 (weighted): 0.9881
2025-03-03 02:55:47,665 - INFO - Epoch 35/50 | Train Loss: 0.0117 | Val Loss: 0.0381 | Accuracy: 0.9870 | F1 (weighted): 0.9875
2025-03-03 02:56:16,577 - INFO - 早停触发，在第 37 轮停止训练
[I 2025-03-03 02:56:16,578] Trial 14 finished with value: 0.9912814458746929 and parameters: {'d_model': 248, 'n_layer': 3, 'd_state': 10, 'expand': 3, 'd_conv': 6, 'learning_rate': 0.0001779302335960174}. Best is trial 7 with value: 0.9932476302761093.
2025-03-03 02:56:16,610 - INFO - 试验 #15 超参数: {'d_model': 172, 'n_layer': 1, 'd_state': 62, 'expand': 2, 'd_conv': 2, 'learning_rate': 3.4794975676023426e-05}
2025-03-03 02:56:16,611 - INFO - 使用 CPU
2025-03-03 02:56:19,111 - INFO - Epoch 1/50 | Train Loss: 1.0768 | Val Loss: 0.5678 | Accuracy: 0.9660 | F1 (weighted): 0.9560
2025-03-03 02:56:29,085 - INFO - Epoch 5/50 | Train Loss: 0.0891 | Val Loss: 0.0877 | Accuracy: 0.9713 | F1 (weighted): 0.9572
2025-03-03 02:56:41,549 - INFO - Epoch 10/50 | Train Loss: 0.0584 | Val Loss: 0.0616 | Accuracy: 0.9740 | F1 (weighted): 0.9636
2025-03-03 02:56:54,158 - INFO - Epoch 15/50 | Train Loss: 0.0435 | Val Loss: 0.0466 | Accuracy: 0.9797 | F1 (weighted): 0.9759
2025-03-03 02:57:06,736 - INFO - Epoch 20/50 | Train Loss: 0.0355 | Val Loss: 0.0394 | Accuracy: 0.9857 | F1 (weighted): 0.9830
2025-03-03 02:57:19,275 - INFO - Epoch 25/50 | Train Loss: 0.0302 | Val Loss: 0.0394 | Accuracy: 0.9850 | F1 (weighted): 0.9825
2025-03-03 02:57:31,733 - INFO - Epoch 30/50 | Train Loss: 0.0288 | Val Loss: 0.0334 | Accuracy: 0.9867 | F1 (weighted): 0.9858
2025-03-03 02:57:44,226 - INFO - Epoch 35/50 | Train Loss: 0.0246 | Val Loss: 0.0325 | Accuracy: 0.9860 | F1 (weighted): 0.9851
2025-03-03 02:57:56,828 - INFO - Epoch 40/50 | Train Loss: 0.0237 | Val Loss: 0.0313 | Accuracy: 0.9873 | F1 (weighted): 0.9870
2025-03-03 02:58:09,318 - INFO - Epoch 45/50 | Train Loss: 0.0215 | Val Loss: 0.0295 | Accuracy: 0.9887 | F1 (weighted): 0.9882
2025-03-03 02:58:21,984 - INFO - Epoch 50/50 | Train Loss: 0.0231 | Val Loss: 0.0304 | Accuracy: 0.9870 | F1 (weighted): 0.9871
[I 2025-03-03 02:58:21,985] Trial 15 finished with value: 0.9881673513321579 and parameters: {'d_model': 172, 'n_layer': 1, 'd_state': 62, 'expand': 2, 'd_conv': 2, 'learning_rate': 3.4794975676023426e-05}. Best is trial 7 with value: 0.9932476302761093.
2025-03-03 02:58:22,012 - INFO - 试验 #16 超参数: {'d_model': 128, 'n_layer': 4, 'd_state': 39, 'expand': 3, 'd_conv': 5, 'learning_rate': 0.00010526052593563161}
2025-03-03 02:58:22,013 - INFO - 使用 CPU
2025-03-03 02:58:31,881 - INFO - Epoch 1/50 | Train Loss: 0.5435 | Val Loss: 0.1114 | Accuracy: 0.9713 | F1 (weighted): 0.9572
2025-03-03 02:59:11,126 - INFO - Epoch 5/50 | Train Loss: 0.0469 | Val Loss: 0.0455 | Accuracy: 0.9830 | F1 (weighted): 0.9796
2025-03-03 03:00:00,470 - INFO - Epoch 10/50 | Train Loss: 0.0269 | Val Loss: 0.0293 | Accuracy: 0.9870 | F1 (weighted): 0.9867
2025-03-03 03:00:49,619 - INFO - Epoch 15/50 | Train Loss: 0.0171 | Val Loss: 0.0237 | Accuracy: 0.9900 | F1 (weighted): 0.9896
2025-03-03 03:01:38,707 - INFO - Epoch 20/50 | Train Loss: 0.0137 | Val Loss: 0.0276 | Accuracy: 0.9873 | F1 (weighted): 0.9870
2025-03-03 03:02:27,699 - INFO - Epoch 25/50 | Train Loss: 0.0134 | Val Loss: 0.0230 | Accuracy: 0.9907 | F1 (weighted): 0.9905
2025-03-03 03:03:16,753 - INFO - Epoch 30/50 | Train Loss: 0.0113 | Val Loss: 0.0263 | Accuracy: 0.9890 | F1 (weighted): 0.9892
2025-03-03 03:04:05,822 - INFO - Epoch 35/50 | Train Loss: 0.0099 | Val Loss: 0.0261 | Accuracy: 0.9910 | F1 (weighted): 0.9910
2025-03-03 03:04:55,013 - INFO - Epoch 40/50 | Train Loss: 0.0098 | Val Loss: 0.0260 | Accuracy: 0.9893 | F1 (weighted): 0.9895
2025-03-03 03:05:34,648 - INFO - 早停触发，在第 44 轮停止训练
[I 2025-03-03 03:05:34,649] Trial 16 finished with value: 0.9896144893812925 and parameters: {'d_model': 128, 'n_layer': 4, 'd_state': 39, 'expand': 3, 'd_conv': 5, 'learning_rate': 0.00010526052593563161}. Best is trial 7 with value: 0.9932476302761093.
2025-03-03 03:05:34,680 - INFO - 试验 #17 超参数: {'d_model': 218, 'n_layer': 3, 'd_state': 18, 'expand': 1, 'd_conv': 4, 'learning_rate': 0.0003889748860109163}
2025-03-03 03:05:34,681 - INFO - 使用 CPU
2025-03-03 03:05:38,004 - INFO - Epoch 1/50 | Train Loss: 0.2177 | Val Loss: 0.0785 | Accuracy: 0.9720 | F1 (weighted): 0.9589
2025-03-03 03:05:50,969 - INFO - Epoch 5/50 | Train Loss: 0.0369 | Val Loss: 0.0492 | Accuracy: 0.9790 | F1 (weighted): 0.9757
2025-03-03 03:06:07,120 - INFO - Epoch 10/50 | Train Loss: 0.0266 | Val Loss: 0.0300 | Accuracy: 0.9893 | F1 (weighted): 0.9886
2025-03-03 03:06:23,306 - INFO - Epoch 15/50 | Train Loss: 0.0230 | Val Loss: 0.0346 | Accuracy: 0.9863 | F1 (weighted): 0.9869
2025-03-03 03:06:29,760 - INFO - 早停触发，在第 17 轮停止训练
[I 2025-03-03 03:06:29,760] Trial 17 finished with value: 0.9874054456961192 and parameters: {'d_model': 218, 'n_layer': 3, 'd_state': 18, 'expand': 1, 'd_conv': 4, 'learning_rate': 0.0003889748860109163}. Best is trial 7 with value: 0.9932476302761093.
2025-03-03 03:06:29,787 - INFO - 试验 #18 超参数: {'d_model': 199, 'n_layer': 2, 'd_state': 54, 'expand': 3, 'd_conv': 2, 'learning_rate': 0.0009339700327278629}
2025-03-03 03:06:29,788 - INFO - 使用 CPU
2025-03-03 03:06:36,964 - INFO - Epoch 1/50 | Train Loss: 0.1524 | Val Loss: 0.0860 | Accuracy: 0.9753 | F1 (weighted): 0.9683
2025-03-03 03:07:05,752 - INFO - Epoch 5/50 | Train Loss: 0.0418 | Val Loss: 0.0549 | Accuracy: 0.9797 | F1 (weighted): 0.9741
2025-03-03 03:07:41,810 - INFO - Epoch 10/50 | Train Loss: 0.0345 | Val Loss: 0.0427 | Accuracy: 0.9823 | F1 (weighted): 0.9817
2025-03-03 03:08:17,743 - INFO - Epoch 15/50 | Train Loss: 0.0232 | Val Loss: 0.0279 | Accuracy: 0.9883 | F1 (weighted): 0.9878
2025-03-03 03:08:53,616 - INFO - Epoch 20/50 | Train Loss: 0.0201 | Val Loss: 0.0307 | Accuracy: 0.9880 | F1 (weighted): 0.9877
2025-03-03 03:09:29,567 - INFO - 早停触发，在第 25 轮停止训练
[I 2025-03-03 03:09:29,568] Trial 18 finished with value: 0.9878127678775418 and parameters: {'d_model': 199, 'n_layer': 2, 'd_state': 54, 'expand': 3, 'd_conv': 2, 'learning_rate': 0.0009339700327278629}. Best is trial 7 with value: 0.9932476302761093.
2025-03-03 03:09:29,595 - INFO - 试验 #19 超参数: {'d_model': 99, 'n_layer': 1, 'd_state': 36, 'expand': 2, 'd_conv': 6, 'learning_rate': 0.00012316080905691853}
2025-03-03 03:09:29,596 - INFO - 使用 CPU
2025-03-03 03:09:31,602 - INFO - Epoch 1/50 | Train Loss: 1.1068 | Val Loss: 0.5122 | Accuracy: 0.9457 | F1 (weighted): 0.9456
2025-03-03 03:09:39,203 - INFO - Epoch 5/50 | Train Loss: 0.0767 | Val Loss: 0.0748 | Accuracy: 0.9743 | F1 (weighted): 0.9644
2025-03-03 03:09:48,663 - INFO - Epoch 10/50 | Train Loss: 0.0446 | Val Loss: 0.0497 | Accuracy: 0.9810 | F1 (weighted): 0.9777
2025-03-03 03:09:58,101 - INFO - Epoch 15/50 | Train Loss: 0.0320 | Val Loss: 0.0364 | Accuracy: 0.9853 | F1 (weighted): 0.9841
2025-03-03 03:10:07,640 - INFO - Epoch 20/50 | Train Loss: 0.0261 | Val Loss: 0.0310 | Accuracy: 0.9887 | F1 (weighted): 0.9869
2025-03-03 03:10:17,116 - INFO - Epoch 25/50 | Train Loss: 0.0217 | Val Loss: 0.0275 | Accuracy: 0.9897 | F1 (weighted): 0.9891
2025-03-03 03:10:26,573 - INFO - Epoch 30/50 | Train Loss: 0.0200 | Val Loss: 0.0263 | Accuracy: 0.9893 | F1 (weighted): 0.9889
2025-03-03 03:10:36,026 - INFO - Epoch 35/50 | Train Loss: 0.0182 | Val Loss: 0.0264 | Accuracy: 0.9880 | F1 (weighted): 0.9872
2025-03-03 03:10:45,526 - INFO - Epoch 40/50 | Train Loss: 0.0177 | Val Loss: 0.0238 | Accuracy: 0.9900 | F1 (weighted): 0.9900
2025-03-03 03:10:54,968 - INFO - Epoch 45/50 | Train Loss: 0.0143 | Val Loss: 0.0243 | Accuracy: 0.9897 | F1 (weighted): 0.9895
2025-03-03 03:11:02,564 - INFO - 早停触发，在第 49 轮停止训练
[I 2025-03-03 03:11:02,565] Trial 19 finished with value: 0.9908487180538774 and parameters: {'d_model': 99, 'n_layer': 1, 'd_state': 36, 'expand': 2, 'd_conv': 6, 'learning_rate': 0.00012316080905691853}. Best is trial 7 with value: 0.9932476302761093.
2025-03-03 03:11:02,594 - INFO - 试验 #20 超参数: {'d_model': 149, 'n_layer': 4, 'd_state': 26, 'expand': 1, 'd_conv': 4, 'learning_rate': 0.0002319011702941199}
2025-03-03 03:11:02,595 - INFO - 使用 CPU
2025-03-03 03:11:06,026 - INFO - Epoch 1/50 | Train Loss: 0.3816 | Val Loss: 0.1008 | Accuracy: 0.9713 | F1 (weighted): 0.9572
2025-03-03 03:11:19,796 - INFO - Epoch 5/50 | Train Loss: 0.0421 | Val Loss: 0.0459 | Accuracy: 0.9813 | F1 (weighted): 0.9793
2025-03-03 03:11:36,832 - INFO - Epoch 10/50 | Train Loss: 0.0307 | Val Loss: 0.0305 | Accuracy: 0.9877 | F1 (weighted): 0.9862
2025-03-03 03:11:53,792 - INFO - Epoch 15/50 | Train Loss: 0.0218 | Val Loss: 0.0302 | Accuracy: 0.9887 | F1 (weighted): 0.9885
2025-03-03 03:12:10,812 - INFO - Epoch 20/50 | Train Loss: 0.0174 | Val Loss: 0.0298 | Accuracy: 0.9900 | F1 (weighted): 0.9895
2025-03-03 03:12:27,975 - INFO - Epoch 25/50 | Train Loss: 0.0175 | Val Loss: 0.0307 | Accuracy: 0.9890 | F1 (weighted): 0.9888
2025-03-03 03:12:41,596 - INFO - 早停触发，在第 29 轮停止训练
[I 2025-03-03 03:12:41,597] Trial 20 finished with value: 0.9911020672691264 and parameters: {'d_model': 149, 'n_layer': 4, 'd_state': 26, 'expand': 1, 'd_conv': 4, 'learning_rate': 0.0002319011702941199}. Best is trial 7 with value: 0.9932476302761093.
2025-03-03 03:12:41,627 - INFO - 试验 #21 超参数: {'d_model': 42, 'n_layer': 4, 'd_state': 52, 'expand': 1, 'd_conv': 8, 'learning_rate': 0.0004855841851518269}
2025-03-03 03:12:41,628 - INFO - 使用 CPU
2025-03-03 03:12:43,823 - INFO - Epoch 1/50 | Train Loss: 0.7391 | Val Loss: 0.1620 | Accuracy: 0.9713 | F1 (weighted): 0.9572
2025-03-03 03:12:52,503 - INFO - Epoch 5/50 | Train Loss: 0.0563 | Val Loss: 0.0565 | Accuracy: 0.9757 | F1 (weighted): 0.9727
2025-03-03 03:13:03,380 - INFO - Epoch 10/50 | Train Loss: 0.0305 | Val Loss: 0.0416 | Accuracy: 0.9843 | F1 (weighted): 0.9830
2025-03-03 03:13:14,218 - INFO - Epoch 15/50 | Train Loss: 0.0278 | Val Loss: 0.0352 | Accuracy: 0.9847 | F1 (weighted): 0.9840
2025-03-03 03:13:25,152 - INFO - Epoch 20/50 | Train Loss: 0.0190 | Val Loss: 0.0322 | Accuracy: 0.9880 | F1 (weighted): 0.9887
2025-03-03 03:13:36,005 - INFO - Epoch 25/50 | Train Loss: 0.0142 | Val Loss: 0.0349 | Accuracy: 0.9877 | F1 (weighted): 0.9882
2025-03-03 03:13:46,868 - INFO - Epoch 30/50 | Train Loss: 0.0141 | Val Loss: 0.0306 | Accuracy: 0.9887 | F1 (weighted): 0.9881
2025-03-03 03:13:57,679 - INFO - Epoch 35/50 | Train Loss: 0.0164 | Val Loss: 0.0244 | Accuracy: 0.9910 | F1 (weighted): 0.9912
2025-03-03 03:14:08,499 - INFO - Epoch 40/50 | Train Loss: 0.0117 | Val Loss: 0.0254 | Accuracy: 0.9897 | F1 (weighted): 0.9898
2025-03-03 03:14:19,347 - INFO - Epoch 45/50 | Train Loss: 0.0103 | Val Loss: 0.0410 | Accuracy: 0.9890 | F1 (weighted): 0.9896
2025-03-03 03:14:30,574 - INFO - Epoch 50/50 | Train Loss: 0.0090 | Val Loss: 0.0251 | Accuracy: 0.9907 | F1 (weighted): 0.9909
[I 2025-03-03 03:14:30,575] Trial 21 finished with value: 0.989983708380002 and parameters: {'d_model': 42, 'n_layer': 4, 'd_state': 52, 'expand': 1, 'd_conv': 8, 'learning_rate': 0.0004855841851518269}. Best is trial 7 with value: 0.9932476302761093.
2025-03-03 03:14:30,609 - INFO - 试验 #22 超参数: {'d_model': 37, 'n_layer': 4, 'd_state': 64, 'expand': 1, 'd_conv': 8, 'learning_rate': 0.0004709764899061602}
2025-03-03 03:14:30,610 - INFO - 使用 CPU
2025-03-03 03:14:32,926 - INFO - Epoch 1/50 | Train Loss: 0.8046 | Val Loss: 0.2243 | Accuracy: 0.9710 | F1 (weighted): 0.9570
2025-03-03 03:14:41,396 - INFO - Epoch 5/50 | Train Loss: 0.0701 | Val Loss: 0.0650 | Accuracy: 0.9770 | F1 (weighted): 0.9712
2025-03-03 03:14:51,711 - INFO - Epoch 10/50 | Train Loss: 0.0354 | Val Loss: 0.0390 | Accuracy: 0.9857 | F1 (weighted): 0.9854
2025-03-03 03:15:02,115 - INFO - Epoch 15/50 | Train Loss: 0.0278 | Val Loss: 0.0326 | Accuracy: 0.9877 | F1 (weighted): 0.9884
2025-03-03 03:15:13,485 - INFO - Epoch 20/50 | Train Loss: 0.0209 | Val Loss: 0.0319 | Accuracy: 0.9877 | F1 (weighted): 0.9873
2025-03-03 03:15:24,239 - INFO - Epoch 25/50 | Train Loss: 0.0154 | Val Loss: 0.0262 | Accuracy: 0.9900 | F1 (weighted): 0.9898
2025-03-03 03:15:34,585 - INFO - Epoch 30/50 | Train Loss: 0.0169 | Val Loss: 0.0318 | Accuracy: 0.9880 | F1 (weighted): 0.9882
2025-03-03 03:15:45,057 - INFO - 早停触发，在第 35 轮停止训练
[I 2025-03-03 03:15:45,058] Trial 22 finished with value: 0.9898224821333574 and parameters: {'d_model': 37, 'n_layer': 4, 'd_state': 64, 'expand': 1, 'd_conv': 8, 'learning_rate': 0.0004709764899061602}. Best is trial 7 with value: 0.9932476302761093.
2025-03-03 03:15:45,087 - INFO - 试验 #23 超参数: {'d_model': 67, 'n_layer': 3, 'd_state': 52, 'expand': 2, 'd_conv': 7, 'learning_rate': 0.00028753262583200467}
2025-03-03 03:15:45,088 - INFO - 使用 CPU
2025-03-03 03:15:49,454 - INFO - Epoch 1/50 | Train Loss: 0.5897 | Val Loss: 0.1261 | Accuracy: 0.9713 | F1 (weighted): 0.9572
2025-03-03 03:16:06,581 - INFO - Epoch 5/50 | Train Loss: 0.0476 | Val Loss: 0.0466 | Accuracy: 0.9807 | F1 (weighted): 0.9794
2025-03-03 03:16:27,928 - INFO - Epoch 10/50 | Train Loss: 0.0276 | Val Loss: 0.0288 | Accuracy: 0.9907 | F1 (weighted): 0.9907
2025-03-03 03:16:49,391 - INFO - Epoch 15/50 | Train Loss: 0.0193 | Val Loss: 0.0315 | Accuracy: 0.9880 | F1 (weighted): 0.9866
2025-03-03 03:17:10,796 - INFO - Epoch 20/50 | Train Loss: 0.0213 | Val Loss: 0.0247 | Accuracy: 0.9910 | F1 (weighted): 0.9905
2025-03-03 03:17:32,124 - INFO - Epoch 25/50 | Train Loss: 0.0116 | Val Loss: 0.0321 | Accuracy: 0.9890 | F1 (weighted): 0.9886
2025-03-03 03:17:53,596 - INFO - Epoch 30/50 | Train Loss: 0.0119 | Val Loss: 0.0253 | Accuracy: 0.9900 | F1 (weighted): 0.9894
2025-03-03 03:18:15,000 - INFO - Epoch 35/50 | Train Loss: 0.0095 | Val Loss: 0.0260 | Accuracy: 0.9910 | F1 (weighted): 0.9908
2025-03-03 03:18:32,104 - INFO - 早停触发，在第 39 轮停止训练
[I 2025-03-03 03:18:32,106] Trial 23 finished with value: 0.9905881946149206 and parameters: {'d_model': 67, 'n_layer': 3, 'd_state': 52, 'expand': 2, 'd_conv': 7, 'learning_rate': 0.00028753262583200467}. Best is trial 7 with value: 0.9932476302761093.
2025-03-03 03:18:32,140 - INFO - 试验 #24 超参数: {'d_model': 105, 'n_layer': 4, 'd_state': 58, 'expand': 1, 'd_conv': 7, 'learning_rate': 0.0007179475819157286}
2025-03-03 03:18:32,141 - INFO - 使用 CPU
2025-03-03 03:18:36,927 - INFO - Epoch 1/50 | Train Loss: 0.3007 | Val Loss: 0.0915 | Accuracy: 0.9723 | F1 (weighted): 0.9597
2025-03-03 03:18:55,948 - INFO - Epoch 5/50 | Train Loss: 0.0399 | Val Loss: 0.0370 | Accuracy: 0.9837 | F1 (weighted): 0.9821
2025-03-03 03:19:19,821 - INFO - Epoch 10/50 | Train Loss: 0.0300 | Val Loss: 0.0370 | Accuracy: 0.9843 | F1 (weighted): 0.9852
2025-03-03 03:19:43,542 - INFO - Epoch 15/50 | Train Loss: 0.0209 | Val Loss: 0.0279 | Accuracy: 0.9890 | F1 (weighted): 0.9882
2025-03-03 03:20:07,441 - INFO - Epoch 20/50 | Train Loss: 0.0153 | Val Loss: 0.0276 | Accuracy: 0.9903 | F1 (weighted): 0.9897
2025-03-03 03:20:12,228 - INFO - 早停触发，在第 21 轮停止训练
[I 2025-03-03 03:20:12,229] Trial 24 finished with value: 0.990434968504194 and parameters: {'d_model': 105, 'n_layer': 4, 'd_state': 58, 'expand': 1, 'd_conv': 7, 'learning_rate': 0.0007179475819157286}. Best is trial 7 with value: 0.9932476302761093.
2025-03-03 03:20:12,267 - INFO - 试验 #25 超参数: {'d_model': 231, 'n_layer': 3, 'd_state': 39, 'expand': 2, 'd_conv': 5, 'learning_rate': 0.00036907470986932445}
2025-03-03 03:20:12,267 - INFO - 使用 CPU
2025-03-03 03:20:21,536 - INFO - Epoch 1/50 | Train Loss: 0.2119 | Val Loss: 0.0727 | Accuracy: 0.9737 | F1 (weighted): 0.9625
2025-03-03 03:20:57,985 - INFO - Epoch 5/50 | Train Loss: 0.0320 | Val Loss: 0.0334 | Accuracy: 0.9880 | F1 (weighted): 0.9868
2025-03-03 03:21:43,602 - INFO - Epoch 10/50 | Train Loss: 0.0246 | Val Loss: 0.0277 | Accuracy: 0.9877 | F1 (weighted): 0.9866
2025-03-03 03:22:29,146 - INFO - Epoch 15/50 | Train Loss: 0.0245 | Val Loss: 0.0281 | Accuracy: 0.9877 | F1 (weighted): 0.9876
2025-03-03 03:23:14,755 - INFO - Epoch 20/50 | Train Loss: 0.0208 | Val Loss: 0.0439 | Accuracy: 0.9850 | F1 (weighted): 0.9838
2025-03-03 03:24:00,370 - INFO - Epoch 25/50 | Train Loss: 0.0148 | Val Loss: 0.0269 | Accuracy: 0.9907 | F1 (weighted): 0.9906
2025-03-03 03:24:46,016 - INFO - Epoch 30/50 | Train Loss: 0.0114 | Val Loss: 0.0400 | Accuracy: 0.9870 | F1 (weighted): 0.9871
2025-03-03 03:25:31,725 - INFO - Epoch 35/50 | Train Loss: 0.0152 | Val Loss: 0.0338 | Accuracy: 0.9897 | F1 (weighted): 0.9893
2025-03-03 03:26:17,357 - INFO - Epoch 40/50 | Train Loss: 0.0130 | Val Loss: 0.0224 | Accuracy: 0.9910 | F1 (weighted): 0.9910
2025-03-03 03:27:02,934 - INFO - Epoch 45/50 | Train Loss: 0.0101 | Val Loss: 0.0346 | Accuracy: 0.9887 | F1 (weighted): 0.9889
2025-03-03 03:27:48,455 - INFO - 早停触发，在第 50 轮停止训练
[I 2025-03-03 03:27:48,457] Trial 25 finished with value: 0.9909859817506933 and parameters: {'d_model': 231, 'n_layer': 3, 'd_state': 39, 'expand': 2, 'd_conv': 5, 'learning_rate': 0.00036907470986932445}. Best is trial 7 with value: 0.9932476302761093.
2025-03-03 03:27:48,494 - INFO - 试验 #26 超参数: {'d_model': 165, 'n_layer': 2, 'd_state': 15, 'expand': 3, 'd_conv': 6, 'learning_rate': 0.0001913344168843215}
2025-03-03 03:27:48,495 - INFO - 使用 CPU
2025-03-03 03:27:55,500 - INFO - Epoch 1/50 | Train Loss: 0.4197 | Val Loss: 0.0959 | Accuracy: 0.9713 | F1 (weighted): 0.9572
2025-03-03 03:28:23,266 - INFO - Epoch 5/50 | Train Loss: 0.0400 | Val Loss: 0.0404 | Accuracy: 0.9827 | F1 (weighted): 0.9798
2025-03-03 03:28:58,027 - INFO - Epoch 10/50 | Train Loss: 0.0273 | Val Loss: 0.0331 | Accuracy: 0.9860 | F1 (weighted): 0.9842
2025-03-03 03:29:33,005 - INFO - Epoch 15/50 | Train Loss: 0.0190 | Val Loss: 0.0264 | Accuracy: 0.9887 | F1 (weighted): 0.9884
2025-03-03 03:30:08,003 - INFO - Epoch 20/50 | Train Loss: 0.0209 | Val Loss: 0.0258 | Accuracy: 0.9897 | F1 (weighted): 0.9896
2025-03-03 03:30:42,801 - INFO - Epoch 25/50 | Train Loss: 0.0154 | Val Loss: 0.0402 | Accuracy: 0.9840 | F1 (weighted): 0.9841
2025-03-03 03:31:03,661 - INFO - 早停触发，在第 28 轮停止训练
