[I 2025-03-03 03:31:03,662] Trial 26 finished with value: 0.988910521417598 and parameters: {'d_model': 165, 'n_layer': 2, 'd_state': 15, 'expand': 3, 'd_conv': 6, 'learning_rate': 0.0001913344168843215}. Best is trial 7 with value: 0.9932476302761093.
2025-03-03 03:31:03,695 - INFO - 试验 #27 超参数: {'d_model': 56, 'n_layer': 4, 'd_state': 33, 'expand': 1, 'd_conv': 2, 'learning_rate': 0.0006082361944216529}
2025-03-03 03:31:03,696 - INFO - 使用 CPU
2025-03-03 03:31:05,097 - INFO - Epoch 1/50 | Train Loss: 0.4502 | Val Loss: 0.1234 | Accuracy: 0.9713 | F1 (weighted): 0.9572
2025-03-03 03:31:10,753 - INFO - Epoch 5/50 | Train Loss: 0.0480 | Val Loss: 0.0588 | Accuracy: 0.9770 | F1 (weighted): 0.9699
2025-03-03 03:31:17,497 - INFO - Epoch 10/50 | Train Loss: 0.0284 | Val Loss: 0.0366 | Accuracy: 0.9857 | F1 (weighted): 0.9844
2025-03-03 03:31:24,371 - INFO - Epoch 15/50 | Train Loss: 0.0213 | Val Loss: 0.0297 | Accuracy: 0.9870 | F1 (weighted): 0.9867
2025-03-03 03:31:31,245 - INFO - Epoch 20/50 | Train Loss: 0.0224 | Val Loss: 0.0257 | Accuracy: 0.9903 | F1 (weighted): 0.9906
2025-03-03 03:31:38,036 - INFO - Epoch 25/50 | Train Loss: 0.0228 | Val Loss: 0.0284 | Accuracy: 0.9887 | F1 (weighted): 0.9886
2025-03-03 03:31:44,917 - INFO - Epoch 30/50 | Train Loss: 0.0155 | Val Loss: 0.0252 | Accuracy: 0.9917 | F1 (weighted): 0.9914
2025-03-03 03:31:49,016 - INFO - 早停触发，在第 33 轮停止训练
[I 2025-03-03 03:31:49,017] Trial 27 finished with value: 0.9901463790446842 and parameters: {'d_model': 56, 'n_layer': 4, 'd_state': 33, 'expand': 1, 'd_conv': 2, 'learning_rate': 0.0006082361944216529}. Best is trial 7 with value: 0.9932476302761093.
2025-03-03 03:31:49,043 - INFO - 试验 #28 超参数: {'d_model': 139, 'n_layer': 3, 'd_state': 48, 'expand': 2, 'd_conv': 8, 'learning_rate': 1.9967928531955955e-05}
2025-03-03 03:31:49,044 - INFO - 使用 CPU
2025-03-03 03:31:57,489 - INFO - Epoch 1/50 | Train Loss: 1.1609 | Val Loss: 1.0321 | Accuracy: 0.5260 | F1 (weighted): 0.6713
2025-03-03 03:32:31,167 - INFO - Epoch 5/50 | Train Loss: 0.1567 | Val Loss: 0.1376 | Accuracy: 0.9713 | F1 (weighted): 0.9572
2025-03-03 03:33:13,284 - INFO - Epoch 10/50 | Train Loss: 0.0897 | Val Loss: 0.0895 | Accuracy: 0.9717 | F1 (weighted): 0.9580
2025-03-03 03:33:55,370 - INFO - Epoch 15/50 | Train Loss: 0.0705 | Val Loss: 0.0724 | Accuracy: 0.9737 | F1 (weighted): 0.9640
2025-03-03 03:34:37,556 - INFO - Epoch 20/50 | Train Loss: 0.0524 | Val Loss: 0.0569 | Accuracy: 0.9757 | F1 (weighted): 0.9693
2025-03-03 03:35:19,831 - INFO - Epoch 25/50 | Train Loss: 0.0389 | Val Loss: 0.0429 | Accuracy: 0.9827 | F1 (weighted): 0.9805
2025-03-03 03:36:02,258 - INFO - Epoch 30/50 | Train Loss: 0.0315 | Val Loss: 0.0357 | Accuracy: 0.9860 | F1 (weighted): 0.9846
2025-03-03 03:36:44,560 - INFO - Epoch 35/50 | Train Loss: 0.0260 | Val Loss: 0.0311 | Accuracy: 0.9893 | F1 (weighted): 0.9888
2025-03-03 03:37:26,672 - INFO - Epoch 40/50 | Train Loss: 0.0229 | Val Loss: 0.0281 | Accuracy: 0.9893 | F1 (weighted): 0.9891
2025-03-03 03:38:08,841 - INFO - Epoch 45/50 | Train Loss: 0.0194 | Val Loss: 0.0272 | Accuracy: 0.9893 | F1 (weighted): 0.9893
2025-03-03 03:38:50,890 - INFO - Epoch 50/50 | Train Loss: 0.0179 | Val Loss: 0.0248 | Accuracy: 0.9907 | F1 (weighted): 0.9907
[I 2025-03-03 03:38:50,891] Trial 28 finished with value: 0.9906745159602303 and parameters: {'d_model': 139, 'n_layer': 3, 'd_state': 48, 'expand': 2, 'd_conv': 8, 'learning_rate': 1.9967928531955955e-05}. Best is trial 7 with value: 0.9932476302761093.
2025-03-03 03:38:50,920 - INFO - 试验 #29 超参数: {'d_model': 182, 'n_layer': 2, 'd_state': 42, 'expand': 4, 'd_conv': 3, 'learning_rate': 9.010561904423347e-05}
2025-03-03 03:38:50,920 - INFO - 使用 CPU
2025-03-03 03:39:00,687 - INFO - Epoch 1/50 | Train Loss: 0.4055 | Val Loss: 0.0928 | Accuracy: 0.9713 | F1 (weighted): 0.9572
2025-03-03 03:39:39,498 - INFO - Epoch 5/50 | Train Loss: 0.0356 | Val Loss: 0.0466 | Accuracy: 0.9797 | F1 (weighted): 0.9746
2025-03-03 03:40:28,025 - INFO - Epoch 10/50 | Train Loss: 0.0242 | Val Loss: 0.0286 | Accuracy: 0.9883 | F1 (weighted): 0.9872
2025-03-03 03:41:16,444 - INFO - Epoch 15/50 | Train Loss: 0.0162 | Val Loss: 0.0256 | Accuracy: 0.9893 | F1 (weighted): 0.9889
2025-03-03 03:42:04,910 - INFO - Epoch 20/50 | Train Loss: 0.0169 | Val Loss: 0.0289 | Accuracy: 0.9907 | F1 (weighted): 0.9908
2025-03-03 03:42:53,494 - INFO - Epoch 25/50 | Train Loss: 0.0167 | Val Loss: 0.0230 | Accuracy: 0.9910 | F1 (weighted): 0.9908
2025-03-03 03:43:41,972 - INFO - Epoch 30/50 | Train Loss: 0.0101 | Val Loss: 0.0265 | Accuracy: 0.9903 | F1 (weighted): 0.9907
2025-03-03 03:44:30,421 - INFO - Epoch 35/50 | Train Loss: 0.0092 | Val Loss: 0.0241 | Accuracy: 0.9903 | F1 (weighted): 0.9897
2025-03-03 03:45:19,103 - INFO - Epoch 40/50 | Train Loss: 0.0104 | Val Loss: 0.0259 | Accuracy: 0.9903 | F1 (weighted): 0.9900
2025-03-03 03:45:57,836 - INFO - 早停触发，在第 44 轮停止训练
[I 2025-03-03 03:45:57,838] Trial 29 finished with value: 0.9905954527432107 and parameters: {'d_model': 182, 'n_layer': 2, 'd_state': 42, 'expand': 4, 'd_conv': 3, 'learning_rate': 9.010561904423347e-05}. Best is trial 7 with value: 0.9932476302761093.
2025-03-03 03:45:57,838 - INFO - 超参数优化完成！
2025-03-03 03:45:57,838 - INFO - 最佳参数: {'d_model': 188, 'n_layer': 2, 'd_state': 35, 'expand': 4, 'd_conv': 2, 'learning_rate': 0.0002159059716967624}
2025-03-03 03:45:57,838 - INFO - 最佳F1加权分数: 0.9932
2025-03-03 03:45:57,857 - INFO - 最佳模型已保存到 mamba_hyperparameter_tuning\20250303_015415\best_model.pth
2025-03-03 03:45:57,859 - INFO - 优化结果已保存到 mamba_hyperparameter_tuning\20250303_015415\optimization_results.json
2025-03-03 03:45:58,712 - INFO - 参数重要性图已保存
2025-03-03 03:45:58,885 - INFO - 优化历史图已保存
2025-03-03 03:45:59,777 - WARNING - 绘制参数关系图失败: 'learning_rate'
2025-03-03 03:45:59,777 - INFO - 使用最佳参数创建并训练完整模型...
2025-03-03 03:45:59,778 - INFO - 使用 CPU
2025-03-03 03:46:06,074 - INFO - 最终模型训练 - Epoch 1/100 | Train Loss: 0.2279 | Val Loss: 0.0752 | Accuracy: 0.9727 | F1 (weighted): 0.9629
2025-03-03 03:47:02,342 - INFO - 最终模型训练 - Epoch 10/100 | Train Loss: 0.0264 | Val Loss: 0.0387 | Accuracy: 0.9837 | F1 (weighted): 0.9836
2025-03-03 03:48:04,824 - INFO - 最终模型训练 - Epoch 20/100 | Train Loss: 0.0190 | Val Loss: 0.0310 | Accuracy: 0.9887 | F1 (weighted): 0.9889
2025-03-03 03:49:07,410 - INFO - 最终模型训练 - Epoch 30/100 | Train Loss: 0.0108 | Val Loss: 0.0340 | Accuracy: 0.9863 | F1 (weighted): 0.9870
2025-03-03 03:50:03,978 - INFO - 早停触发，在第 39 轮停止训练
2025-03-03 03:50:03,985 - INFO - 最终模型已保存到 mamba_hyperparameter_tuning\20250303_015415\final_best_model.pth
2025-03-03 03:50:03,985 - INFO - 超参数优化完成！
2025-03-03 03:50:03,986 - INFO - 最佳参数: {'d_model': 188, 'n_layer': 2, 'd_state': 35, 'expand': 4, 'd_conv': 2, 'learning_rate': 0.0002159059716967624}
2025-03-03 03:50:03,986 - INFO - 最佳F1加权分数: 0.9932

进程已结束，退出代码为 0
